/home/morg/students/idoavnir/miniconda/envs/gr00t/lib/python3.10/site-packages/transformers/utils/hub.py:105: FutureWarning: Using `TRANSFORMERS_CACHE` is deprecated and will be removed in v5 of Transformers. Use `HF_HOME` instead.
  warnings.warn(
2025-09-06 23:27:21.800978: I tensorflow/core/util/port.cc:113] oneDNN custom operations are on. You may see slightly different numerical results due to floating-point round-off errors from different computation orders. To turn them off, set the environment variable `TF_ENABLE_ONEDNN_OPTS=0`.
2025-09-06 23:27:23.783917: E external/local_xla/xla/stream_executor/cuda/cuda_dnn.cc:9261] Unable to register cuDNN factory: Attempting to register factory for plugin cuDNN when one has already been registered
2025-09-06 23:27:23.784174: E external/local_xla/xla/stream_executor/cuda/cuda_fft.cc:607] Unable to register cuFFT factory: Attempting to register factory for plugin cuFFT when one has already been registered
2025-09-06 23:27:24.291408: E external/local_xla/xla/stream_executor/cuda/cuda_blas.cc:1515] Unable to register cuBLAS factory: Attempting to register factory for plugin cuBLAS when one has already been registered
2025-09-06 23:27:25.618407: I tensorflow/core/platform/cpu_feature_guard.cc:182] This TensorFlow binary is optimized to use available CPU instructions in performance-critical operations.
To enable the following instructions: AVX2 AVX512F AVX512_VNNI AVX512_BF16 FMA, in other operations, rebuild TensorFlow with the appropriate compiler flags.
2025-09-06 23:27:29.902298: W tensorflow/compiler/tf2tensorrt/utils/py_utils.cc:38] TF-TRT Warning: Could not find TensorRT
/home/morg/students/idoavnir/miniconda/envs/gr00t/lib/python3.10/site-packages/albumentations/__init__.py:13: UserWarning: A new version of Albumentations is available: 2.0.8 (you have 1.4.18). Upgrade using: pip install -U albumentations. To disable automatic update checks, set the environment variable NO_ALBUMENTATIONS_UPDATE to 1.
  check_for_updates()
`use_fast` is set to `True` but the image processor class does not have a fast version.  Falling back to the slow version.
Fetching 13 files:   0%|          | 0/13 [00:00<?, ?it/s]Fetching 13 files:   8%|▊         | 1/13 [00:00<00:06,  1.95it/s]Fetching 13 files:  69%|██████▉   | 9/13 [00:00<00:00, 10.46it/s]Fetching 13 files:  69%|██████▉   | 9/13 [00:19<00:00, 10.46it/s]Fetching 13 files:  77%|███████▋  | 10/13 [01:59<00:50, 16.84s/it]Fetching 13 files: 100%|██████████| 13/13 [01:59<00:00,  9.22s/it]
Loading checkpoint shards:   0%|          | 0/3 [00:00<?, ?it/s]Loading checkpoint shards:  33%|███▎      | 1/3 [00:02<00:05,  2.50s/it]Loading checkpoint shards:  67%|██████▋   | 2/3 [00:04<00:02,  2.00s/it]Loading checkpoint shards: 100%|██████████| 3/3 [00:05<00:00,  1.64s/it]Loading checkpoint shards: 100%|██████████| 3/3 [00:05<00:00,  1.79s/it]
Traceback (most recent call last):
  File "/home/morg/students/idoavnir/Isaac-GR00T-fork/data_extraction/vlm_layers_and_actions/vlm_layers_and_actions_extractor.py", line 50, in <module>
    main()
  File "/home/morg/students/idoavnir/Isaac-GR00T-fork/data_extraction/vlm_layers_and_actions/vlm_layers_and_actions_extractor.py", line 36, in main
    extract_batches(policy, OUTPUT_DIR)
  File "/home/morg/students/idoavnir/Isaac-GR00T-fork/data_extraction/utils/batches.py", line 87, in extract_batches
    dataset = LeRobotSingleDataset(
  File "/home/morg/students/idoavnir/Isaac-GR00T-fork/gr00t/data/dataset.py", line 133, in __init__
    raise FileNotFoundError(f"Dataset path {dataset_path} does not exist")
FileNotFoundError: Dataset path /content/drive/MyDrive/gr00t_dataset/gr1_arms_waist.TrayToPot does not exist
