/home/morg/students/idoavnir/miniconda/envs/gr00t/lib/python3.10/site-packages/transformers/utils/hub.py:105: FutureWarning: Using `TRANSFORMERS_CACHE` is deprecated and will be removed in v5 of Transformers. Use `HF_HOME` instead.
  warnings.warn(
2025-09-25 00:16:36.427580: I tensorflow/core/util/port.cc:113] oneDNN custom operations are on. You may see slightly different numerical results due to floating-point round-off errors from different computation orders. To turn them off, set the environment variable `TF_ENABLE_ONEDNN_OPTS=0`.
2025-09-25 00:16:40.534739: E external/local_xla/xla/stream_executor/cuda/cuda_dnn.cc:9261] Unable to register cuDNN factory: Attempting to register factory for plugin cuDNN when one has already been registered
2025-09-25 00:16:40.534925: E external/local_xla/xla/stream_executor/cuda/cuda_fft.cc:607] Unable to register cuFFT factory: Attempting to register factory for plugin cuFFT when one has already been registered
2025-09-25 00:16:41.022934: E external/local_xla/xla/stream_executor/cuda/cuda_blas.cc:1515] Unable to register cuBLAS factory: Attempting to register factory for plugin cuBLAS when one has already been registered
2025-09-25 00:16:42.366869: I tensorflow/core/platform/cpu_feature_guard.cc:182] This TensorFlow binary is optimized to use available CPU instructions in performance-critical operations.
To enable the following instructions: AVX2 AVX512F AVX512_VNNI AVX512_BF16 FMA, in other operations, rebuild TensorFlow with the appropriate compiler flags.
2025-09-25 00:16:48.125410: W tensorflow/compiler/tf2tensorrt/utils/py_utils.cc:38] TF-TRT Warning: Could not find TensorRT
/home/morg/students/idoavnir/miniconda/envs/gr00t/lib/python3.10/site-packages/albumentations/__init__.py:13: UserWarning: A new version of Albumentations is available: 2.0.8 (you have 1.4.18). Upgrade using: pip install -U albumentations. To disable automatic update checks, set the environment variable NO_ALBUMENTATIONS_UPDATE to 1.
  check_for_updates()
`use_fast` is set to `True` but the image processor class does not have a fast version.  Falling back to the slow version.
Fetching 13 files:   0%|          | 0/13 [00:00<?, ?it/s]Fetching 13 files:   8%|▊         | 1/13 [00:00<00:04,  2.79it/s]Fetching 13 files:  15%|█▌        | 2/13 [00:00<00:02,  4.18it/s]Fetching 13 files: 100%|██████████| 13/13 [00:00<00:00, 22.36it/s]
Loading checkpoint shards:   0%|          | 0/3 [00:00<?, ?it/s]Loading checkpoint shards:  33%|███▎      | 1/3 [00:04<00:09,  4.66s/it]Loading checkpoint shards:  67%|██████▋   | 2/3 [00:07<00:03,  3.48s/it]Loading checkpoint shards: 100%|██████████| 3/3 [00:09<00:00,  2.73s/it]Loading checkpoint shards: 100%|██████████| 3/3 [00:09<00:00,  3.05s/it]
Traceback (most recent call last):
  File "/home/morg/students/idoavnir/Isaac-GR00T-fork/data_extraction/vlm_layers_and_actions/vlm_layers_and_actions_extractor.py", line 52, in <module>
    main()
  File "/home/morg/students/idoavnir/Isaac-GR00T-fork/data_extraction/vlm_layers_and_actions/vlm_layers_and_actions_extractor.py", line 37, in main
    extract_batches(policy, OUTPUT_DIR)
  File "/home/morg/students/idoavnir/Isaac-GR00T-fork/data_extraction/utils/batches.py", line 87, in extract_batches
    dataset = LeRobotSingleDataset(
  File "/home/morg/students/idoavnir/Isaac-GR00T-fork/gr00t/data/dataset.py", line 133, in __init__
    raise FileNotFoundError(f"Dataset path {dataset_path} does not exist")
FileNotFoundError: Dataset path /content/drive/MyDrive/gr00t_dataset/gr1_arms_waist.TrayToPot does not exist
